Removed Pin From Net: NetName=SDO Pin=J1-9
Removed Pin From Net: NetName=SDO Pin=U1-14
Removed Pin From Net: NetName=SDI Pin=U2-2
Removed Pin From Net: NetName=SDO Pin=U2-14
Removed Pin From Net: NetName=SDI Pin=U3-2
Removed Pin From Net: NetName=SDO Pin=U3-14
Removed Pin From Net: NetName=SDI Pin=U4-2
Removed Pin From Net: NetName=SDO Pin=U4-14
Removed Pin From Net: NetName=SDI Pin=U5-2
Removed Pin From Net: NetName=SDO Pin=U5-14
Removed Pin From Net: NetName=SDI Pin=U6-2
Removed Pin From Net: NetName=SDO Pin=U6-14
Removed Pin From Net: NetName=SDI Pin=U7-2
Removed Pin From Net: NetName=SDI Pin=U8-2
Change Component Designator: OldDesignator=C1 NewDesignator=C9
Change Component Designator: OldDesignator=C2 NewDesignator=C1
Change Component Designator: OldDesignator=C3 NewDesignator=C5
Change Component Designator: OldDesignator=C4 NewDesignator=C2
Change Component Designator: OldDesignator=C5 NewDesignator=C6
Change Component Designator: OldDesignator=C6 NewDesignator=C3
Change Component Designator: OldDesignator=C8 NewDesignator=C4
Change Component Designator: OldDesignator=C9 NewDesignator=C8
Change Component Designator: OldDesignator=J1 NewDesignator=J10
Change Component Designator: OldDesignator=J2 NewDesignator=J9
Change Component Designator: OldDesignator=J3 NewDesignator=J1
Change Component Designator: OldDesignator=J4 NewDesignator=J5
Change Component Designator: OldDesignator=J5 NewDesignator=J2
Change Component Designator: OldDesignator=J7 NewDesignator=J3
Change Component Designator: OldDesignator=J8 NewDesignator=J7
Change Component Designator: OldDesignator=J9 NewDesignator=J4
Change Component Designator: OldDesignator=J10 NewDesignator=J8
Change Component Designator: OldDesignator=U2 NewDesignator=U5
Change Component Designator: OldDesignator=U3 NewDesignator=U2
Change Component Designator: OldDesignator=U4 NewDesignator=U6
Change Component Designator: OldDesignator=U5 NewDesignator=U3
Change Component Designator: OldDesignator=U6 NewDesignator=U7
Change Component Designator: OldDesignator=U7 NewDesignator=U4
Added Component: Designator=J11(61201021721)
Add component. Clean all parameters for all variants
Add component (AddParameter): Name = "Manufacturer"; Value = "Wuerth"; VariantName = "[No Variations]"
Add component (AddParameter): Name = "Manufacturer Number"; Value = "61201021721"; VariantName = "[No Variations]"
Add component (AddParameter): Name = "Max. current"; Value = "3A"; VariantName = "[No Variations]"
Add component (AddParameter): Name = "Max. voltage"; Value = "250V"; VariantName = "[No Variations]"
Add component (AddParameter): Name = "Nr. of positions"; Value = "10"; VariantName = "[No Variations]"
Add component (AddParameter): Name = "Part Number"; Value = "61201021721"; VariantName = "[No Variations]"
Add component (AddParameter): Name = "Pin Count"; Value = "10"; VariantName = "[No Variations]"
Add component (AddParameter): Name = "RoHS"; Value = "yes"; VariantName = "[No Variations]"
Add component (AddParameter): Name = "SMD"; Value = "no"; VariantName = "[No Variations]"
Add component (AddParameter): Name = "Supplier 1"; Value = "Digikey"; VariantName = "[No Variations]"
Add component (AddParameter): Name = "Supplier Part Number 1"; Value = "732-2098-ND"; VariantName = "[No Variations]"
Add component (AddParameter): Name = "Temp. Range"; Value = "-40 to 125°C"; VariantName = "[No Variations]"
Add component (AddParameter): Name = "Type"; Value = "Header Male"; VariantName = "[No Variations]"
Added Pin To Net: NetName=CLK Pin=J11-1
Added Pin To Net: NetName=GND Pin=J11-2
Added Pin To Net: NetName=GND Pin=J11-4
Added Pin To Net: NetName=LE Pin=J11-5
Added Pin To Net: NetName=GND Pin=J11-6
Added Pin To Net: NetName=OE Pin=J11-7
Added Pin To Net: NetName=GND Pin=J11-8
Added Pin To Net: NetName=SDO Pin=J11-9
Added Pin To Net: NetName=GND Pin=J11-10
Added Pin To Net: NetName=SDO Pin=U5-2
Added Pin To Net: NetName=NetU1_14 Pin=U1-14
Added Pin To Net: NetName=NetU1_14 Pin=U2-2
Added Net: Name=NetU1_14
Added Pin To Net: NetName=NetU2_14 Pin=U2-14
Added Pin To Net: NetName=NetU2_14 Pin=U3-2
Added Net: Name=NetU2_14
Added Pin To Net: NetName=NetU3_14 Pin=U3-14
Added Pin To Net: NetName=NetU3_14 Pin=U4-2
Added Net: Name=NetU3_14
Added Pin To Net: NetName=NetU5_14 Pin=U5-14
Added Pin To Net: NetName=NetU5_14 Pin=U6-2
Added Net: Name=NetU5_14
Added Pin To Net: NetName=NetU6_14 Pin=U6-14
Added Pin To Net: NetName=NetU6_14 Pin=U7-2
Added Net: Name=NetU6_14
Added Pin To Net: NetName=NetU7_14 Pin=U7-14
Added Pin To Net: NetName=NetU7_14 Pin=U8-2
Added Net: Name=NetU7_14
Added Member To Class: ClassName=mux_lowside-V1_00 Member=Component J11 Header
Added Room: Name=mux_lowside-V1_00
