Removed Pin From Net: NetName=SDI Pin=J10-3
Removed Pin From Net: NetName=SDO Pin=J11-9
Added Component: Designator=R9(RESC1608X06M_SILK)
Add component. Clean all parameters for all variants
Add component (AddParameter): Name = "Manufacturer"; Value = "Yaego"; VariantName = "[No Variations]"
Add component (AddParameter): Name = "Manufacturer Number"; Value = "RC0603JR-070RL"; VariantName = "[No Variations]"
Add component (AddParameter): Name = "package"; Value = "0603"; VariantName = "[No Variations]"
Add component (AddParameter): Name = "Part Number"; Value = "RES_0_0603"; VariantName = "[No Variations]"
Add component (AddParameter): Name = "Pin Count"; Value = "2"; VariantName = "[No Variations]"
Add component (AddParameter): Name = "Power Dissipation"; Value = "100mW"; VariantName = "[No Variations]"
Add component (AddParameter): Name = "RoHS"; Value = "yes"; VariantName = "[No Variations]"
Add component (AddParameter): Name = "SMD"; Value = "yes"; VariantName = "[No Variations]"
Add component (AddParameter): Name = "Technology"; Value = "thick film"; VariantName = "[No Variations]"
Add component (AddParameter): Name = "Temp. Range"; Value = "-50°C to 150°C"; VariantName = "[No Variations]"
Add component (AddParameter): Name = "Tolerance"; Value = "1%"; VariantName = "[No Variations]"
Add component (AddParameter): Name = "Value"; Value = "0"; VariantName = "[No Variations]"
Added Component: Designator=R10(RESC1608X06M_SILK)
Add component. Clean all parameters for all variants
Add component (AddParameter): Name = "Manufacturer"; Value = "Yaego"; VariantName = "[No Variations]"
Add component (AddParameter): Name = "Manufacturer Number"; Value = "RC0603JR-070RL"; VariantName = "[No Variations]"
Add component (AddParameter): Name = "package"; Value = "0603"; VariantName = "[No Variations]"
Add component (AddParameter): Name = "Part Number"; Value = "RES_0_0603"; VariantName = "[No Variations]"
Add component (AddParameter): Name = "Pin Count"; Value = "2"; VariantName = "[No Variations]"
Add component (AddParameter): Name = "Power Dissipation"; Value = "100mW"; VariantName = "[No Variations]"
Add component (AddParameter): Name = "RoHS"; Value = "yes"; VariantName = "[No Variations]"
Add component (AddParameter): Name = "SMD"; Value = "yes"; VariantName = "[No Variations]"
Add component (AddParameter): Name = "Technology"; Value = "thick film"; VariantName = "[No Variations]"
Add component (AddParameter): Name = "Temp. Range"; Value = "-50°C to 150°C"; VariantName = "[No Variations]"
Add component (AddParameter): Name = "Tolerance"; Value = "1%"; VariantName = "[No Variations]"
Add component (AddParameter): Name = "Value"; Value = "0"; VariantName = "[No Variations]"
Added Component: Designator=R11(RESC1608X06M_SILK)
Add component. Clean all parameters for all variants
Add component (AddParameter): Name = "Manufacturer"; Value = "Yaego"; VariantName = "[No Variations]"
Add component (AddParameter): Name = "Manufacturer Number"; Value = "RC0603JR-070RL"; VariantName = "[No Variations]"
Add component (AddParameter): Name = "package"; Value = "0603"; VariantName = "[No Variations]"
Add component (AddParameter): Name = "Part Number"; Value = "RES_0_0603"; VariantName = "[No Variations]"
Add component (AddParameter): Name = "Pin Count"; Value = "2"; VariantName = "[No Variations]"
Add component (AddParameter): Name = "Power Dissipation"; Value = "100mW"; VariantName = "[No Variations]"
Add component (AddParameter): Name = "RoHS"; Value = "yes"; VariantName = "[No Variations]"
Add component (AddParameter): Name = "SMD"; Value = "yes"; VariantName = "[No Variations]"
Add component (AddParameter): Name = "Technology"; Value = "thick film"; VariantName = "[No Variations]"
Add component (AddParameter): Name = "Temp. Range"; Value = "-50°C to 150°C"; VariantName = "[No Variations]"
Add component (AddParameter): Name = "Tolerance"; Value = "1%"; VariantName = "[No Variations]"
Add component (AddParameter): Name = "Value"; Value = "0"; VariantName = "[No Variations]"
Added Component: Designator=R12(RESC1608X06M_SILK)
Add component. Clean all parameters for all variants
Add component (AddParameter): Name = "Manufacturer"; Value = "Yaego"; VariantName = "[No Variations]"
Add component (AddParameter): Name = "Manufacturer Number"; Value = "RC0603JR-070RL"; VariantName = "[No Variations]"
Add component (AddParameter): Name = "package"; Value = "0603"; VariantName = "[No Variations]"
Add component (AddParameter): Name = "Part Number"; Value = "RES_0_0603"; VariantName = "[No Variations]"
Add component (AddParameter): Name = "Pin Count"; Value = "2"; VariantName = "[No Variations]"
Add component (AddParameter): Name = "Power Dissipation"; Value = "100mW"; VariantName = "[No Variations]"
Add component (AddParameter): Name = "RoHS"; Value = "yes"; VariantName = "[No Variations]"
Add component (AddParameter): Name = "SMD"; Value = "yes"; VariantName = "[No Variations]"
Add component (AddParameter): Name = "Technology"; Value = "thick film"; VariantName = "[No Variations]"
Add component (AddParameter): Name = "Temp. Range"; Value = "-50°C to 150°C"; VariantName = "[No Variations]"
Add component (AddParameter): Name = "Tolerance"; Value = "1%"; VariantName = "[No Variations]"
Add component (AddParameter): Name = "Value"; Value = "0"; VariantName = "[No Variations]"
Added Component: Designator=R13(RESC1608X06M_SILK)
Add component. Clean all parameters for all variants
Add component (AddParameter): Name = "Manufacturer"; Value = "Yaego"; VariantName = "[No Variations]"
Add component (AddParameter): Name = "Manufacturer Number"; Value = "RC0603JR-070RL"; VariantName = "[No Variations]"
Add component (AddParameter): Name = "package"; Value = "0603"; VariantName = "[No Variations]"
Add component (AddParameter): Name = "Part Number"; Value = "RES_0_0603"; VariantName = "[No Variations]"
Add component (AddParameter): Name = "Pin Count"; Value = "2"; VariantName = "[No Variations]"
Add component (AddParameter): Name = "Power Dissipation"; Value = "100mW"; VariantName = "[No Variations]"
Add component (AddParameter): Name = "RoHS"; Value = "yes"; VariantName = "[No Variations]"
Add component (AddParameter): Name = "SMD"; Value = "yes"; VariantName = "[No Variations]"
Add component (AddParameter): Name = "Technology"; Value = "thick film"; VariantName = "[No Variations]"
Add component (AddParameter): Name = "Temp. Range"; Value = "-50°C to 150°C"; VariantName = "[No Variations]"
Add component (AddParameter): Name = "Tolerance"; Value = "1%"; VariantName = "[No Variations]"
Add component (AddParameter): Name = "Value"; Value = "0"; VariantName = "[No Variations]"
Added Component: Designator=R14(RESC1608X06M_SILK)
Add component. Clean all parameters for all variants
Add component (AddParameter): Name = "Manufacturer"; Value = "Yaego"; VariantName = "[No Variations]"
Add component (AddParameter): Name = "Manufacturer Number"; Value = "RC0603JR-070RL"; VariantName = "[No Variations]"
Add component (AddParameter): Name = "package"; Value = "0603"; VariantName = "[No Variations]"
Add component (AddParameter): Name = "Part Number"; Value = "RES_0_0603"; VariantName = "[No Variations]"
Add component (AddParameter): Name = "Pin Count"; Value = "2"; VariantName = "[No Variations]"
Add component (AddParameter): Name = "Power Dissipation"; Value = "100mW"; VariantName = "[No Variations]"
Add component (AddParameter): Name = "RoHS"; Value = "yes"; VariantName = "[No Variations]"
Add component (AddParameter): Name = "SMD"; Value = "yes"; VariantName = "[No Variations]"
Add component (AddParameter): Name = "Technology"; Value = "thick film"; VariantName = "[No Variations]"
Add component (AddParameter): Name = "Temp. Range"; Value = "-50°C to 150°C"; VariantName = "[No Variations]"
Add component (AddParameter): Name = "Tolerance"; Value = "1%"; VariantName = "[No Variations]"
Add component (AddParameter): Name = "Value"; Value = "0"; VariantName = "[No Variations]"
Added Component: Designator=R15(RESC1608X06M_SILK)
Add component. Clean all parameters for all variants
Add component (AddParameter): Name = "Manufacturer"; Value = "Yaego"; VariantName = "[No Variations]"
Add component (AddParameter): Name = "Manufacturer Number"; Value = "RC0603JR-070RL"; VariantName = "[No Variations]"
Add component (AddParameter): Name = "package"; Value = "0603"; VariantName = "[No Variations]"
Add component (AddParameter): Name = "Part Number"; Value = "RES_0_0603"; VariantName = "[No Variations]"
Add component (AddParameter): Name = "Pin Count"; Value = "2"; VariantName = "[No Variations]"
Add component (AddParameter): Name = "Power Dissipation"; Value = "100mW"; VariantName = "[No Variations]"
Add component (AddParameter): Name = "RoHS"; Value = "yes"; VariantName = "[No Variations]"
Add component (AddParameter): Name = "SMD"; Value = "yes"; VariantName = "[No Variations]"
Add component (AddParameter): Name = "Technology"; Value = "thick film"; VariantName = "[No Variations]"
Add component (AddParameter): Name = "Temp. Range"; Value = "-50°C to 150°C"; VariantName = "[No Variations]"
Add component (AddParameter): Name = "Tolerance"; Value = "1%"; VariantName = "[No Variations]"
Add component (AddParameter): Name = "Value"; Value = "0"; VariantName = "[No Variations]"
Added Component: Designator=R16(RESC1608X06M_SILK)
Add component. Clean all parameters for all variants
Add component (AddParameter): Name = "Manufacturer"; Value = "Yaego"; VariantName = "[No Variations]"
Add component (AddParameter): Name = "Manufacturer Number"; Value = "RC0603JR-070RL"; VariantName = "[No Variations]"
Add component (AddParameter): Name = "package"; Value = "0603"; VariantName = "[No Variations]"
Add component (AddParameter): Name = "Part Number"; Value = "RES_0_0603"; VariantName = "[No Variations]"
Add component (AddParameter): Name = "Pin Count"; Value = "2"; VariantName = "[No Variations]"
Add component (AddParameter): Name = "Power Dissipation"; Value = "100mW"; VariantName = "[No Variations]"
Add component (AddParameter): Name = "RoHS"; Value = "yes"; VariantName = "[No Variations]"
Add component (AddParameter): Name = "SMD"; Value = "yes"; VariantName = "[No Variations]"
Add component (AddParameter): Name = "Technology"; Value = "thick film"; VariantName = "[No Variations]"
Add component (AddParameter): Name = "Temp. Range"; Value = "-50°C to 150°C"; VariantName = "[No Variations]"
Add component (AddParameter): Name = "Tolerance"; Value = "1%"; VariantName = "[No Variations]"
Add component (AddParameter): Name = "Value"; Value = "0"; VariantName = "[No Variations]"
Added Pin To Net: NetName=SDI Pin=R9-1
Added Pin To Net: NetName=SDO Pin=R10-1
Added Pin To Net: NetName=SDO Pin=R11-1
Added Pin To Net: NetName=SDI Pin=R12-1
Added Pin To Net: NetName=SDI Pin=R13-1
Added Pin To Net: NetName=SDO Pin=R14-1
Added Pin To Net: NetName=SDO Pin=R15-1
Added Pin To Net: NetName=SDI Pin=R16-1
Added Pin To Net: NetName=NetJ10_3 Pin=J10-3
Added Pin To Net: NetName=NetJ10_3 Pin=R9-2
Added Pin To Net: NetName=NetJ10_3 Pin=R10-2
Added Net: Name=NetJ10_3
Added Pin To Net: NetName=NetJ10_9 Pin=J10-9
Added Pin To Net: NetName=NetJ10_9 Pin=R11-2
Added Pin To Net: NetName=NetJ10_9 Pin=R12-2
Added Net: Name=NetJ10_9
Added Pin To Net: NetName=NetJ11_3 Pin=J11-3
Added Pin To Net: NetName=NetJ11_3 Pin=R13-2
Added Pin To Net: NetName=NetJ11_3 Pin=R14-2
Added Net: Name=NetJ11_3
Added Pin To Net: NetName=NetJ11_9 Pin=J11-9
Added Pin To Net: NetName=NetJ11_9 Pin=R15-2
Added Pin To Net: NetName=NetJ11_9 Pin=R16-2
Added Net: Name=NetJ11_9
Added Member To Class: ClassName=mux_lowside-V1_00 Member=Component R9 Resistor
Added Member To Class: ClassName=mux_lowside-V1_00 Member=Component R10 Resistor
Added Member To Class: ClassName=mux_lowside-V1_00 Member=Component R11 Resistor
Added Member To Class: ClassName=mux_lowside-V1_00 Member=Component R12 Resistor
Added Member To Class: ClassName=mux_lowside-V1_00 Member=Component R13 Resistor
Added Member To Class: ClassName=mux_lowside-V1_00 Member=Component R14 Resistor
Added Member To Class: ClassName=mux_lowside-V1_00 Member=Component R15 Resistor
Added Member To Class: ClassName=mux_lowside-V1_00 Member=Component R16 Resistor
Added Room: Name=mux_lowside-V1_00
